2022-04-17T00:30:59+00:00 CRITICAL syntax error, unexpected 'not' (T_STRING), expecting '(' in /var/www/html/digital_masjid/wp-content/plugins/wp-table-shortcode-master/wp-table-shortcode.php on line 106

2022-04-17T00:33:00+00:00 CRITICAL syntax error, unexpected 'not' (T_STRING), expecting '(' in /var/www/html/digital_masjid/wp-content/plugins/wp-table-shortcode-master/wp-table-shortcode.php on line 106

2022-04-17T00:35:00+00:00 CRITICAL syntax error, unexpected 'not' (T_STRING), expecting '(' in /var/www/html/digital_masjid/wp-content/plugins/wp-table-shortcode-master/wp-table-shortcode.php on line 106

2022-04-17T00:37:00+00:00 CRITICAL syntax error, unexpected 'not' (T_STRING), expecting '(' in /var/www/html/digital_masjid/wp-content/plugins/wp-table-shortcode-master/wp-table-shortcode.php on line 106

2022-04-17T00:39:01+00:00 CRITICAL syntax error, unexpected '$sql' (T_VARIABLE) in /var/www/html/digital_masjid/wp-content/plugins/wp-table-shortcode-master/wp-table-shortcode.php on line 88

2022-04-17T00:42:54+00:00 CRITICAL Uncaught Error: Call to undefined function get_some_data() in /var/www/html/digital_masjid/wp-content/plugins/wp-table-shortcode-master/wp-table-shortcode.php:106
Stack trace:
#0 /var/www/html/digital_masjid/wp-includes/shortcodes.php(356): WP_Table_Shortsodes->tafla_callback()
#1 [internal function]: do_shortcode_tag()
#2 /var/www/html/digital_masjid/wp-includes/shortcodes.php(228): preg_replace_callback()
#3 /var/www/html/digital_masjid/wp-includes/class-wp-hook.php(307): do_shortcode()
#4 /var/www/html/digital_masjid/wp-includes/plugin.php(189): WP_Hook->apply_filters()
#5 /var/www/html/digital_masjid/wp-includes/rest-api/endpoints/class-wp-rest-revisions-controller.php(606): apply_filters()
#6 /var/www/html/digital_masjid/wp-includes/rest-api/endpoints/class-wp-rest-autosaves-controller.php(408): WP_REST_Revisions_Controller->prepare_item_for_response()
#7 /var/www/html/digital_masjid/wp-includes/rest-api/endpoints/class-wp-rest-autosaves-controller.php(239): WP_REST_Autosaves_Controller->prepare_item_for in /var/www/html/digital_masjid/wp-content/plugins/wp-table-shortcode-master/wp-table-shortcode.php on line 106

2022-04-17T00:42:54+00:00 CRITICAL Uncaught Error: Call to undefined function get_some_data() in /var/www/html/digital_masjid/wp-content/plugins/wp-table-shortcode-master/wp-table-shortcode.php:106
Stack trace:
#0 /var/www/html/digital_masjid/wp-includes/shortcodes.php(356): WP_Table_Shortsodes->tafla_callback()
#1 [internal function]: do_shortcode_tag()
#2 /var/www/html/digital_masjid/wp-includes/shortcodes.php(228): preg_replace_callback()
#3 /var/www/html/digital_masjid/wp-includes/class-wp-hook.php(307): do_shortcode()
#4 /var/www/html/digital_masjid/wp-includes/plugin.php(189): WP_Hook->apply_filters()
#5 /var/www/html/digital_masjid/wp-includes/post-template.php(253): apply_filters()
#6 /var/www/html/digital_masjid/wp-content/themes/astra/template-parts/content-page.php(54): the_content()
#7 /var/www/html/digital_masjid/wp-includes/template.php(772): require('/var/www/html/d...')
#8 /var/www/html/digital_masjid/wp-includes/template.php(716): load_template()
#9 /var/www/html/digital_masjid/wp-includes/general-template.php(204): locate_tem in /var/www/html/digital_masjid/wp-content/plugins/wp-table-shortcode-master/wp-table-shortcode.php on line 106

2022-04-17T00:43:03+00:00 CRITICAL Uncaught Error: Call to undefined function get_some_data() in /var/www/html/digital_masjid/wp-content/plugins/wp-table-shortcode-master/wp-table-shortcode.php:106
Stack trace:
#0 /var/www/html/digital_masjid/wp-includes/shortcodes.php(356): WP_Table_Shortsodes->tafla_callback()
#1 [internal function]: do_shortcode_tag()
#2 /var/www/html/digital_masjid/wp-includes/shortcodes.php(228): preg_replace_callback()
#3 /var/www/html/digital_masjid/wp-includes/class-wp-hook.php(307): do_shortcode()
#4 /var/www/html/digital_masjid/wp-includes/plugin.php(189): WP_Hook->apply_filters()
#5 /var/www/html/digital_masjid/wp-includes/rest-api/endpoints/class-wp-rest-posts-controller.php(1811): apply_filters()
#6 /var/www/html/digital_masjid/wp-includes/rest-api/endpoints/class-wp-rest-posts-controller.php(903): WP_REST_Posts_Controller->prepare_item_for_response()
#7 /var/www/html/digital_masjid/wp-includes/rest-api/class-wp-rest-server.php(1141): WP_REST_Posts_Controller->update_item()
#8 /var/www/html/digital_masjid/wp-inclu in /var/www/html/digital_masjid/wp-content/plugins/wp-table-shortcode-master/wp-table-shortcode.php on line 106

2022-04-17T00:43:09+00:00 CRITICAL Uncaught Error: Call to undefined function get_some_data() in /var/www/html/digital_masjid/wp-content/plugins/wp-table-shortcode-master/wp-table-shortcode.php:106
Stack trace:
#0 /var/www/html/digital_masjid/wp-includes/shortcodes.php(356): WP_Table_Shortsodes->tafla_callback()
#1 [internal function]: do_shortcode_tag()
#2 /var/www/html/digital_masjid/wp-includes/shortcodes.php(228): preg_replace_callback()
#3 /var/www/html/digital_masjid/wp-includes/class-wp-hook.php(307): do_shortcode()
#4 /var/www/html/digital_masjid/wp-includes/plugin.php(189): WP_Hook->apply_filters()
#5 /var/www/html/digital_masjid/wp-includes/rest-api/endpoints/class-wp-rest-posts-controller.php(1811): apply_filters()
#6 /var/www/html/digital_masjid/wp-includes/rest-api/endpoints/class-wp-rest-posts-controller.php(560): WP_REST_Posts_Controller->prepare_item_for_response()
#7 /var/www/html/digital_masjid/wp-includes/rest-api/class-wp-rest-server.php(1141): WP_REST_Posts_Controller->get_item()
#8 /var/www/html/digital_masjid/wp-includes in /var/www/html/digital_masjid/wp-content/plugins/wp-table-shortcode-master/wp-table-shortcode.php on line 106

