2022-04-18T07:44:45+00:00 CRITICAL Uncaught Error: Class 'NinjaTablesPro\DataProviders\WPPostsProvider' not found in /var/www/html/digital_masjid/wp-content/plugins/ninja-tables/ninja-tables.php:393
Stack trace:
#0 /var/www/html/digital_masjid/wp-content/plugins/ninja-tables/ninja-tables.php(111): NinjaTablesPro->loadDependencies()
#1 /var/www/html/digital_masjid/wp-content/plugins/ninja-tables/ninja-tables.php(462): NinjaTablesPro->boot()
#2 /var/www/html/digital_masjid/wp-includes/class-wp-hook.php(307): {closure}()
#3 /var/www/html/digital_masjid/wp-includes/class-wp-hook.php(331): WP_Hook->apply_filters()
#4 /var/www/html/digital_masjid/wp-includes/plugin.php(474): WP_Hook->do_action()
#5 /var/www/html/digital_masjid/wp-settings.php(587): do_action()
#6 /var/www/html/digital_masjid/wp-config.php(100): require_once('/var/www/html/d...')
#7 /var/www/html/digital_masjid/wp-load.php(50): require_once('/var/www/html/d...')
#8 /var/www/html/digital_masjid/wp-blog-header.php(13): require_once('/var/www/html/d...')
#9 /var/www/html/digital_masjid/ in /var/www/html/digital_masjid/wp-content/plugins/ninja-tables/ninja-tables.php on line 393

2022-04-18T07:44:45+00:00 CRITICAL Uncaught Error: Class 'NinjaTablesPro\DataProviders\WPPostsProvider' not found in /var/www/html/digital_masjid/wp-content/plugins/ninja-tables/ninja-tables.php:393
Stack trace:
#0 /var/www/html/digital_masjid/wp-content/plugins/ninja-tables/ninja-tables.php(111): NinjaTablesPro->loadDependencies()
#1 /var/www/html/digital_masjid/wp-content/plugins/ninja-tables/ninja-tables.php(462): NinjaTablesPro->boot()
#2 /var/www/html/digital_masjid/wp-includes/class-wp-hook.php(307): {closure}()
#3 /var/www/html/digital_masjid/wp-includes/class-wp-hook.php(331): WP_Hook->apply_filters()
#4 /var/www/html/digital_masjid/wp-includes/plugin.php(474): WP_Hook->do_action()
#5 /var/www/html/digital_masjid/wp-settings.php(587): do_action()
#6 /var/www/html/digital_masjid/wp-config.php(100): require_once('/var/www/html/d...')
#7 /var/www/html/digital_masjid/wp-load.php(50): require_once('/var/www/html/d...')
#8 /var/www/html/digital_masjid/wp-admin/admin-ajax.php(22): require_once('/var/www/html/d...')
#9 {main}
  thrown in /var/www/html/digital_masjid/wp-content/plugins/ninja-tables/ninja-tables.php on line 393

2022-04-18T07:44:45+00:00 CRITICAL Uncaught Error: Class 'NinjaTablesPro\DataProviders\WPPostsProvider' not found in /var/www/html/digital_masjid/wp-content/plugins/ninja-tables/ninja-tables.php:393
Stack trace:
#0 /var/www/html/digital_masjid/wp-content/plugins/ninja-tables/ninja-tables.php(111): NinjaTablesPro->loadDependencies()
#1 /var/www/html/digital_masjid/wp-content/plugins/ninja-tables/ninja-tables.php(462): NinjaTablesPro->boot()
#2 /var/www/html/digital_masjid/wp-includes/class-wp-hook.php(307): {closure}()
#3 /var/www/html/digital_masjid/wp-includes/class-wp-hook.php(331): WP_Hook->apply_filters()
#4 /var/www/html/digital_masjid/wp-includes/plugin.php(474): WP_Hook->do_action()
#5 /var/www/html/digital_masjid/wp-settings.php(587): do_action()
#6 /var/www/html/digital_masjid/wp-config.php(100): require_once('/var/www/html/d...')
#7 /var/www/html/digital_masjid/wp-load.php(50): require_once('/var/www/html/d...')
#8 /var/www/html/digital_masjid/wp-admin/admin.php(34): require_once('/var/www/html/d...')
#9 /var/www/html/digital_masjid/ in /var/www/html/digital_masjid/wp-content/plugins/ninja-tables/ninja-tables.php on line 393

2022-04-18T07:45:15+00:00 CRITICAL Uncaught Error: Class 'NinjaTablesPro\DataProviders\WPPostsProvider' not found in /var/www/html/digital_masjid/wp-content/plugins/ninja-tables/ninja-tables.php:393
Stack trace:
#0 /var/www/html/digital_masjid/wp-content/plugins/ninja-tables/ninja-tables.php(111): NinjaTablesPro->loadDependencies()
#1 /var/www/html/digital_masjid/wp-content/plugins/ninja-tables/ninja-tables.php(462): NinjaTablesPro->boot()
#2 /var/www/html/digital_masjid/wp-includes/class-wp-hook.php(307): {closure}()
#3 /var/www/html/digital_masjid/wp-includes/class-wp-hook.php(331): WP_Hook->apply_filters()
#4 /var/www/html/digital_masjid/wp-includes/plugin.php(474): WP_Hook->do_action()
#5 /var/www/html/digital_masjid/wp-settings.php(587): do_action()
#6 /var/www/html/digital_masjid/wp-config.php(100): require_once('/var/www/html/d...')
#7 /var/www/html/digital_masjid/wp-load.php(50): require_once('/var/www/html/d...')
#8 /var/www/html/digital_masjid/wp-admin/admin.php(34): require_once('/var/www/html/d...')
#9 /var/www/html/digital_masjid/ in /var/www/html/digital_masjid/wp-content/plugins/ninja-tables/ninja-tables.php on line 393

2022-04-18T09:26:55+00:00 CRITICAL Uncaught Error: Class 'NinjaTablesPro\DataProviders\WPPostsProvider' not found in /var/www/html/digital_masjid/wp-content/plugins/ninja-tables/ninja-tables.php:393
Stack trace:
#0 /var/www/html/digital_masjid/wp-content/plugins/ninja-tables/ninja-tables.php(111): NinjaTablesPro->loadDependencies()
#1 /var/www/html/digital_masjid/wp-content/plugins/ninja-tables/ninja-tables.php(462): NinjaTablesPro->boot()
#2 /var/www/html/digital_masjid/wp-includes/class-wp-hook.php(307): {closure}()
#3 /var/www/html/digital_masjid/wp-includes/class-wp-hook.php(331): WP_Hook->apply_filters()
#4 /var/www/html/digital_masjid/wp-includes/plugin.php(474): WP_Hook->do_action()
#5 /var/www/html/digital_masjid/wp-settings.php(587): do_action()
#6 /var/www/html/digital_masjid/wp-config.php(100): require_once('/var/www/html/d...')
#7 /var/www/html/digital_masjid/wp-load.php(50): require_once('/var/www/html/d...')
#8 /var/www/html/digital_masjid/wp-admin/admin.php(34): require_once('/var/www/html/d...')
#9 /var/www/html/digital_masjid/ in /var/www/html/digital_masjid/wp-content/plugins/ninja-tables/ninja-tables.php on line 393

2022-04-18T09:26:57+00:00 CRITICAL Uncaught Error: Class 'NinjaTablesPro\DataProviders\WPPostsProvider' not found in /var/www/html/digital_masjid/wp-content/plugins/ninja-tables/ninja-tables.php:393
Stack trace:
#0 /var/www/html/digital_masjid/wp-content/plugins/ninja-tables/ninja-tables.php(111): NinjaTablesPro->loadDependencies()
#1 /var/www/html/digital_masjid/wp-content/plugins/ninja-tables/ninja-tables.php(462): NinjaTablesPro->boot()
#2 /var/www/html/digital_masjid/wp-includes/class-wp-hook.php(307): {closure}()
#3 /var/www/html/digital_masjid/wp-includes/class-wp-hook.php(331): WP_Hook->apply_filters()
#4 /var/www/html/digital_masjid/wp-includes/plugin.php(474): WP_Hook->do_action()
#5 /var/www/html/digital_masjid/wp-settings.php(587): do_action()
#6 /var/www/html/digital_masjid/wp-config.php(100): require_once('/var/www/html/d...')
#7 /var/www/html/digital_masjid/wp-load.php(50): require_once('/var/www/html/d...')
#8 /var/www/html/digital_masjid/wp-admin/admin.php(34): require_once('/var/www/html/d...')
#9 /var/www/html/digital_masjid/ in /var/www/html/digital_masjid/wp-content/plugins/ninja-tables/ninja-tables.php on line 393

2022-04-18T09:27:06+00:00 CRITICAL Uncaught Error: Class 'NinjaTablesPro\DataProviders\WPPostsProvider' not found in /var/www/html/digital_masjid/wp-content/plugins/ninja-tables/ninja-tables.php:393
Stack trace:
#0 /var/www/html/digital_masjid/wp-content/plugins/ninja-tables/ninja-tables.php(111): NinjaTablesPro->loadDependencies()
#1 /var/www/html/digital_masjid/wp-content/plugins/ninja-tables/ninja-tables.php(462): NinjaTablesPro->boot()
#2 /var/www/html/digital_masjid/wp-includes/class-wp-hook.php(307): {closure}()
#3 /var/www/html/digital_masjid/wp-includes/class-wp-hook.php(331): WP_Hook->apply_filters()
#4 /var/www/html/digital_masjid/wp-includes/plugin.php(474): WP_Hook->do_action()
#5 /var/www/html/digital_masjid/wp-settings.php(587): do_action()
#6 /var/www/html/digital_masjid/wp-config.php(100): require_once('/var/www/html/d...')
#7 /var/www/html/digital_masjid/wp-load.php(50): require_once('/var/www/html/d...')
#8 /var/www/html/digital_masjid/wp-admin/admin.php(34): require_once('/var/www/html/d...')
#9 /var/www/html/digital_masjid/ in /var/www/html/digital_masjid/wp-content/plugins/ninja-tables/ninja-tables.php on line 393

2022-04-18T09:27:43+00:00 CRITICAL Uncaught Error: Class 'NinjaTablesPro\DataProviders\WPPostsProvider' not found in /var/www/html/digital_masjid/wp-content/plugins/ninja-tables/ninja-tables.php:393
Stack trace:
#0 /var/www/html/digital_masjid/wp-content/plugins/ninja-tables/ninja-tables.php(111): NinjaTablesPro->loadDependencies()
#1 /var/www/html/digital_masjid/wp-content/plugins/ninja-tables/ninja-tables.php(462): NinjaTablesPro->boot()
#2 /var/www/html/digital_masjid/wp-includes/class-wp-hook.php(307): {closure}()
#3 /var/www/html/digital_masjid/wp-includes/class-wp-hook.php(331): WP_Hook->apply_filters()
#4 /var/www/html/digital_masjid/wp-includes/plugin.php(474): WP_Hook->do_action()
#5 /var/www/html/digital_masjid/wp-settings.php(587): do_action()
#6 /var/www/html/digital_masjid/wp-config.php(100): require_once('/var/www/html/d...')
#7 /var/www/html/digital_masjid/wp-load.php(50): require_once('/var/www/html/d...')
#8 /var/www/html/digital_masjid/wp-admin/admin-ajax.php(22): require_once('/var/www/html/d...')
#9 {main}
  thrown in /var/www/html/digital_masjid/wp-content/plugins/ninja-tables/ninja-tables.php on line 393

